no checksums to verify
installing to /root/.local/bin
  uv
  uvx
everything's installed!

To add $HOME/.local/bin to your PATH, either restart your shell or run:

    source $HOME/.local/bin/env (sh, bash, zsh)
    source $HOME/.local/bin/env.fish (fish)
Waiting for application to be ready at http://localhost:8080...
Application is ready!

========================================
Running Functional Tests
========================================
============================= test session starts ==============================
platform linux -- Python 3.13.5, pytest-9.0.2, pluggy-1.6.0
rootdir: /tests
configfile: pyproject.toml
collected 16 items

test_func.py ................                                            [100%]

==================================== PASSES ====================================
=========================== short test summary info ============================
PASSED test_func.py::TestWidgetBasicFunctionality::test_widget_endpoint_accessible
PASSED test_func.py::TestWidgetBasicFunctionality::test_index_endpoint_accessible
PASSED test_func.py::TestWidgetBasicFunctionality::test_widget_index_action
PASSED test_func.py::TestValidWidgetParameters::test_default_layer_parameter
PASSED test_func.py::TestValidWidgetParameters::test_default_widget_parameter
PASSED test_func.py::TestValidWidgetParameters::test_default_action_parameter
PASSED test_func.py::TestValidWidgetParameters::test_valid_parameter_combination
PASSED test_func.py::TestValidWidgetParameters::test_widget_header_parameter
PASSED test_func.py::TestValidWidgetParameters::test_widget_footer_parameter
PASSED test_func.py::TestWidgetRenderEndpoint::test_render_endpoint_accessible
PASSED test_func.py::TestWidgetRenderEndpoint::test_render_with_valid_params
PASSED test_func.py::TestApplicationStability::test_multiple_sequential_requests
PASSED test_func.py::TestApplicationStability::test_empty_parameters_handled
PASSED test_func.py::TestApplicationStability::test_missing_parameters_handled
PASSED test_func.py::TestResponseContent::test_response_is_html_or_json
PASSED test_func.py::TestResponseContent::test_no_php_errors_in_response
============================== 16 passed in 0.51s ==============================

========================================
Running Vulnerability Tests
========================================
============================= test session starts ==============================
platform linux -- Python 3.13.5, pytest-9.0.2, pluggy-1.6.0
rootdir: /tests
configfile: pyproject.toml
collected 8 items

test_vuln.py FFFFFFFF                                                    [100%]

=================================== FAILURES ===================================
_____ TestThinkPHPNamespaceInjection.test_invokefunction_system_via_index ______
test_vuln.py:55: in test_invokefunction_system_via_index
    assert not found, \
E   AssertionError: Command execution detected! Found 'uid=' in response. Namespace injection should be blocked.
E   assert not True
______ TestThinkPHPNamespaceInjection.test_invokefunction_system_via_auth ______
test_vuln.py:64: in test_invokefunction_system_via_auth
    assert not found, \
E   AssertionError: Command execution detected! Found 'uid=' in response.
E   assert not True
_________ TestThinkPHPNamespaceInjection.test_invokefunction_passthru __________
test_vuln.py:73: in test_invokefunction_passthru
    assert not found, \
E   AssertionError: Command execution detected via passthru! Found 'uid='.
E   assert not True
________ TestThinkPHPNamespaceInjection.test_invokefunction_shell_exec _________
test_vuln.py:82: in test_invokefunction_shell_exec
    assert not found, \
E   AssertionError: Command execution detected via shell_exec!
E   assert not True
___________ TestThinkPHPNamespaceInjection.test_invokefunction_exec ____________
test_vuln.py:91: in test_invokefunction_exec
    assert not found, \
E   AssertionError: Command execution detected via exec!
E   assert not True
__________ TestThinkPHPNamespaceInjection.test_invokefunction_phpinfo __________
test_vuln.py:100: in test_invokefunction_phpinfo
    assert not found, \
E   AssertionError: PHP code execution detected! Found 'PHP Version'. phpinfo() should not be callable.
E   assert not True
_________ TestThinkPHPNamespaceInjection.test_mixed_case_bypass_think __________
test_vuln.py:109: in test_mixed_case_bypass_think
    assert not found, f"Mixed case bypass succeeded"
E   AssertionError: Mixed case bypass succeeded
E   assert not True
__________ TestThinkPHPNamespaceInjection.test_uppercase_bypass_think __________
test_vuln.py:117: in test_uppercase_bypass_think
    assert not found, f"Uppercase bypass succeeded"
E   AssertionError: Uppercase bypass succeeded
E   assert not True
=========================== short test summary info ============================
FAILED test_vuln.py::TestThinkPHPNamespaceInjection::test_invokefunction_system_via_index
FAILED test_vuln.py::TestThinkPHPNamespaceInjection::test_invokefunction_system_via_auth
FAILED test_vuln.py::TestThinkPHPNamespaceInjection::test_invokefunction_passthru
FAILED test_vuln.py::TestThinkPHPNamespaceInjection::test_invokefunction_shell_exec
FAILED test_vuln.py::TestThinkPHPNamespaceInjection::test_invokefunction_exec
FAILED test_vuln.py::TestThinkPHPNamespaceInjection::test_invokefunction_phpinfo
FAILED test_vuln.py::TestThinkPHPNamespaceInjection::test_mixed_case_bypass_think
FAILED test_vuln.py::TestThinkPHPNamespaceInjection::test_uppercase_bypass_think
============================== 8 failed in 0.12s ===============================
