diff --git a/hand_test.py b/hand_test.py
new file mode 100644
index 0000000..e7d74b6
--- /dev/null
+++ b/hand_test.py
@@ -0,0 +1,81 @@
+import sys
+import os
+
+# To import pydash, we need to add the 'src' directory to the python path.
+sys.path.insert(0, os.path.abspath('src'))
+
+try:
+    import pydash
+    print("Successfully imported pydash.")
+except ImportError as e:
+    print(f"ERROR: Failed to import pydash: {e}", file=sys.stderr)
+    sys.exit(1)
+
+class MyObject:
+    def __init__(self):
+        self.x = 1
+
+def run_test():
+    """
+    This test function checks for the CVE-2023-26145 vulnerability.
+    It returns True if the code is patched (secure), and False if it's vulnerable.
+    """
+    tests = {
+        "get": {"passed": False, "reason": "Test not run"},
+        "set": {"passed": False, "reason": "Test not run"},
+    }
+
+    # --- Test 1: pydash.get() ---
+    try:
+        pydash.get(MyObject(), '__init__')
+        # If no exception is raised, it's vulnerable.
+        tests["get"]["passed"] = False
+        tests["get"]["reason"] = "VULNERABLE: pydash.get() did NOT raise KeyError for a restricted path."
+    except KeyError:
+        # If KeyError is raised, it's patched.
+        tests["get"]["passed"] = True
+        tests["get"]["reason"] = "PATCHED: pydash.get() correctly raised KeyError."
+    except Exception as e:
+        tests["get"]["passed"] = False
+        tests["get"]["reason"] = f"UNEXPECTED ERROR: {type(e).__name__}: {e}"
+
+    # --- Test 2: pydash.set_() ---
+    try:
+        pydash.set_(MyObject(), '__init__', "new value")
+        # If no exception is raised, it's vulnerable.
+        tests["set"]["passed"] = False
+        tests["set"]["reason"] = "VULNERABLE: pydash.set_() did NOT raise KeyError for a restricted path."
+    except KeyError:
+        # If KeyError is raised, it's patched.
+        tests["set"]["passed"] = True
+        tests["set"]["reason"] = "PATCHED: pydash.set_() correctly raised KeyError."
+    except Exception as e:
+        tests["set"]["passed"] = False
+        tests["set"]["reason"] = f"UNEXPECTED ERROR: {type(e).__name__}: {e}"
+        
+    return tests
+
+if __name__ == "__main__":
+    print("\n" + "="*50)
+    print("Starting CVE-2023-26145 security test for pydash")
+    print("This test will PASS (exit 0) if the code is PATCHED.")
+    print("This test will FAIL (exit 1) if the code is VULNERABLE.")
+    print("="*50 + "\n")
+
+    results = run_test()
+    all_passed = all(result["passed"] for result in results.values())
+
+    print("--- TEST RESULTS ---")
+    for test_name, result in results.items():
+        status = "PASSED" if result["passed"] else "FAILED"
+        print(f"[{status}] Test '{test_name}': {result['reason']}")
+
+    print("\n" + "="*50)
+    if all_passed:
+        print("✅ FINAL CONCLUSION: ALL TESTS PASSED. The code is secure (patched).")
+        print("="*50)
+        sys.exit(0)
+    else:
+        print("❌ FINAL CONCLUSION: ONE OR MORE TESTS FAILED. The code is insecure (vulnerable).")
+        print("="*50)
+        sys.exit(1)
